<?xml version="1.0" encoding="UTF-8"?>
<testng-results ignored="0" total="1" passed="1" failed="0" skipped="0">
  <reporter-output>
  </reporter-output>
  <suite started-at="2021-05-04T06:51:26Z" name="Default suite" finished-at="2021-05-04T06:52:54Z" duration-ms="87410">
    <groups>
    </groups>
    <test started-at="2021-05-04T06:51:26Z" name="Default test" finished-at="2021-05-04T06:52:54Z" duration-ms="87410">
      <class name="PageFactoryTest.TestViewOrders">
        <test-method signature="testvieworder()[pri:0, instance:PageFactoryTest.TestViewOrders@5939a379]" started-at="2021-05-04T06:51:26Z" name="testvieworder" finished-at="2021-05-04T06:52:54Z" duration-ms="87313" status="PASS">
          <reporter-output>
          </reporter-output>
        </test-method> <!-- testvieworder -->
      </class> <!-- PageFactoryTest.TestViewOrders -->
    </test> <!-- Default test -->
  </suite> <!-- Default suite -->
</testng-results>
